{"D:\\GitHub\\jerrychong25.github.io\\src\\components\\app.js": {"path":"D:\\GitHub\\jerrychong25.github.io\\src\\components\\app.js","statementMap":{"0":{"start":{"line":8,"column":2},"end":{"line":12,"column":4}}},"fnMap":{"0":{"name":"(anonymous_0)","decl":{"start":{"line":7,"column":1},"end":{"line":7,"column":2}},"loc":{"start":{"line":7,"column":10},"end":{"line":13,"column":2}},"line":7}},"branchMap":{},"s":{"0":2},"f":{"0":2},"b":{},"_coverageSchema":"332fd63041d2c1bcb487cc26dd0d5f7d97098a6c","hash":"3f86e0d71634364211ac86b860b61a859b225265"}
,"D:\\GitHub\\jerrychong25.github.io\\src\\components\\icon.js": {"path":"D:\\GitHub\\jerrychong25.github.io\\src\\components\\icon.js","statementMap":{"0":{"start":{"line":1,"column":15},"end":{"line":3,"column":1}},"1":{"start":{"line":2,"column":1},"end":{"line":2,"column":49}}},"fnMap":{"0":{"name":"(anonymous_0)","decl":{"start":{"line":1,"column":15},"end":{"line":1,"column":16}},"loc":{"start":{"line":2,"column":1},"end":{"line":2,"column":49}},"line":2}},"branchMap":{},"s":{"0":5,"1":141},"f":{"0":141},"b":{},"_coverageSchema":"332fd63041d2c1bcb487cc26dd0d5f7d97098a6c","hash":"fb5506491885aa670496a6dfda5b3704a24e4905"}
,"D:\\GitHub\\jerrychong25.github.io\\src\\components\\home\\experience.js": {"path":"D:\\GitHub\\jerrychong25.github.io\\src\\components\\home\\experience.js","statementMap":{"0":{"start":{"line":3,"column":26},"end":{"line":3,"column":93}},"1":{"start":{"line":3,"column":46},"end":{"line":3,"column":93}},"2":{"start":{"line":3,"column":74},"end":{"line":3,"column":77}},"3":{"start":{"line":7,"column":21},"end":{"line":7,"column":46}},"4":{"start":{"line":9,"column":2},"end":{"line":20,"column":4}},"5":{"start":{"line":26,"column":2},"end":{"line":31,"column":4}},"6":{"start":{"line":29,"column":31},"end":{"line":29,"column":55}},"7":{"start":{"line":37,"column":2},"end":{"line":51,"column":4}},"8":{"start":{"line":44,"column":6},"end":{"line":47,"column":12}}},"fnMap":{"0":{"name":"(anonymous_0)","decl":{"start":{"line":3,"column":26},"end":{"line":3,"column":27}},"loc":{"start":{"line":3,"column":46},"end":{"line":3,"column":93}},"line":3},"1":{"name":"(anonymous_1)","decl":{"start":{"line":3,"column":67},"end":{"line":3,"column":68}},"loc":{"start":{"line":3,"column":74},"end":{"line":3,"column":77}},"line":3},"2":{"name":"(anonymous_2)","decl":{"start":{"line":6,"column":1},"end":{"line":6,"column":2}},"loc":{"start":{"line":6,"column":50},"end":{"line":21,"column":2}},"line":6},"3":{"name":"(anonymous_3)","decl":{"start":{"line":25,"column":1},"end":{"line":25,"column":2}},"loc":{"start":{"line":25,"column":27},"end":{"line":32,"column":2}},"line":25},"4":{"name":"(anonymous_4)","decl":{"start":{"line":29,"column":23},"end":{"line":29,"column":24}},"loc":{"start":{"line":29,"column":31},"end":{"line":29,"column":55}},"line":29},"5":{"name":"(anonymous_5)","decl":{"start":{"line":36,"column":1},"end":{"line":36,"column":2}},"loc":{"start":{"line":36,"column":17},"end":{"line":52,"column":2}},"line":36},"6":{"name":"(anonymous_6)","decl":{"start":{"line":43,"column":35},"end":{"line":43,"column":36}},"loc":{"start":{"line":44,"column":6},"end":{"line":47,"column":12}},"line":44}},"branchMap":{"0":{"loc":{"start":{"line":29,"column":5},"end":{"line":29,"column":57}},"type":"binary-expr","locations":[{"start":{"line":29,"column":5},"end":{"line":29,"column":9}},{"start":{"line":29,"column":13},"end":{"line":29,"column":57}}],"line":29},"1":{"loc":{"start":{"line":38,"column":65},"end":{"line":38,"column":95}},"type":"binary-expr","locations":[{"start":{"line":38,"column":65},"end":{"line":38,"column":87}},{"start":{"line":38,"column":91},"end":{"line":38,"column":95}}],"line":38},"2":{"loc":{"start":{"line":43,"column":6},"end":{"line":48,"column":7}},"type":"binary-expr","locations":[{"start":{"line":43,"column":6},"end":{"line":43,"column":16}},{"start":{"line":43,"column":20},"end":{"line":48,"column":7}}],"line":43}},"s":{"0":3,"1":4,"2":8,"3":3,"4":3,"5":6,"6":10,"7":8,"8":10},"f":{"0":4,"1":8,"2":3,"3":6,"4":10,"5":8,"6":10},"b":{"0":[6,4],"1":[8,7],"2":[8,5]},"_coverageSchema":"332fd63041d2c1bcb487cc26dd0d5f7d97098a6c","hash":"ff5b57ef093ca04f3cdf2fab0ef37b07fd958457"}
,"D:\\GitHub\\jerrychong25.github.io\\src\\components\\home\\footer.js": {"path":"D:\\GitHub\\jerrychong25.github.io\\src\\components\\home\\footer.js","statementMap":{"0":{"start":{"line":7,"column":2},"end":{"line":11,"column":4}},"1":{"start":{"line":17,"column":2},"end":{"line":27,"column":4}},"2":{"start":{"line":24,"column":44},"end":{"line":24,"column":68}}},"fnMap":{"0":{"name":"(anonymous_0)","decl":{"start":{"line":6,"column":1},"end":{"line":6,"column":2}},"loc":{"start":{"line":6,"column":39},"end":{"line":12,"column":2}},"line":6},"1":{"name":"(anonymous_1)","decl":{"start":{"line":16,"column":1},"end":{"line":16,"column":2}},"loc":{"start":{"line":16,"column":17},"end":{"line":28,"column":2}},"line":16},"2":{"name":"(anonymous_2)","decl":{"start":{"line":24,"column":36},"end":{"line":24,"column":37}},"loc":{"start":{"line":24,"column":44},"end":{"line":24,"column":68}},"line":24}},"branchMap":{"0":{"loc":{"start":{"line":18,"column":52},"end":{"line":18,"column":82}},"type":"binary-expr","locations":[{"start":{"line":18,"column":52},"end":{"line":18,"column":74}},{"start":{"line":18,"column":78},"end":{"line":18,"column":82}}],"line":18},"1":{"loc":{"start":{"line":24,"column":6},"end":{"line":24,"column":70}},"type":"binary-expr","locations":[{"start":{"line":24,"column":6},"end":{"line":24,"column":16}},{"start":{"line":24,"column":20},"end":{"line":24,"column":70}}],"line":24}},"s":{"0":4,"1":6,"2":12},"f":{"0":4,"1":6,"2":12},"b":{"0":[6,5],"1":[6,3]},"_coverageSchema":"332fd63041d2c1bcb487cc26dd0d5f7d97098a6c","hash":"4f0616b8bfd4f29e07ff556d381cdc3edf0f726b"}
,"D:\\GitHub\\jerrychong25.github.io\\src\\components\\home\\header.js": {"path":"D:\\GitHub\\jerrychong25.github.io\\src\\components\\home\\header.js","statementMap":{"0":{"start":{"line":3,"column":19},"end":{"line":3,"column":80}},"1":{"start":{"line":3,"column":37},"end":{"line":3,"column":80}},"2":{"start":{"line":5,"column":24},"end":{"line":10,"column":1}},"3":{"start":{"line":6,"column":18},"end":{"line":6,"column":147}},"4":{"start":{"line":7,"column":10},"end":{"line":7,"column":78}},"5":{"start":{"line":9,"column":1},"end":{"line":9,"column":28}},"6":{"start":{"line":12,"column":38},"end":{"line":33,"column":1}},"7":{"start":{"line":14,"column":16},"end":{"line":21,"column":9}},"8":{"start":{"line":15,"column":3},"end":{"line":18,"column":4}},"9":{"start":{"line":16,"column":4},"end":{"line":16,"column":39}},"10":{"start":{"line":17,"column":4},"end":{"line":17,"column":22}},"11":{"start":{"line":20,"column":3},"end":{"line":20,"column":14}},"12":{"start":{"line":22,"column":1},"end":{"line":30,"column":2}},"13":{"start":{"line":23,"column":20},"end":{"line":23,"column":37}},"14":{"start":{"line":24,"column":2},"end":{"line":26,"column":3}},"15":{"start":{"line":25,"column":3},"end":{"line":25,"column":36}},"16":{"start":{"line":29,"column":2},"end":{"line":29,"column":34}},"17":{"start":{"line":32,"column":1},"end":{"line":32,"column":20}},"18":{"start":{"line":35,"column":23},"end":{"line":48,"column":1}},"19":{"start":{"line":37,"column":1},"end":{"line":43,"column":2}},"20":{"start":{"line":38,"column":23},"end":{"line":38,"column":84}},"21":{"start":{"line":39,"column":2},"end":{"line":39,"column":92}},"22":{"start":{"line":42,"column":2},"end":{"line":42,"column":68}},"23":{"start":{"line":45,"column":1},"end":{"line":47,"column":2}},"24":{"start":{"line":46,"column":2},"end":{"line":46,"column":33}},"25":{"start":{"line":52,"column":2},"end":{"line":52,"column":10}},"26":{"start":{"line":54,"column":2},"end":{"line":54,"column":161}},"27":{"start":{"line":58,"column":2},"end":{"line":67,"column":4}}},"fnMap":{"0":{"name":"(anonymous_0)","decl":{"start":{"line":3,"column":19},"end":{"line":3,"column":20}},"loc":{"start":{"line":3,"column":37},"end":{"line":3,"column":80}},"line":3},"1":{"name":"(anonymous_1)","decl":{"start":{"line":5,"column":24},"end":{"line":5,"column":25}},"loc":{"start":{"line":5,"column":30},"end":{"line":10,"column":1}},"line":5},"2":{"name":"(anonymous_2)","decl":{"start":{"line":12,"column":38},"end":{"line":12,"column":39}},"loc":{"start":{"line":12,"column":108},"end":{"line":33,"column":1}},"line":12},"3":{"name":"(anonymous_3)","decl":{"start":{"line":14,"column":41},"end":{"line":14,"column":42}},"loc":{"start":{"line":14,"column":62},"end":{"line":21,"column":3}},"line":14},"4":{"name":"(anonymous_4)","decl":{"start":{"line":35,"column":23},"end":{"line":35,"column":24}},"loc":{"start":{"line":35,"column":64},"end":{"line":48,"column":1}},"line":35},"5":{"name":"(anonymous_5)","decl":{"start":{"line":51,"column":1},"end":{"line":51,"column":2}},"loc":{"start":{"line":51,"column":22},"end":{"line":55,"column":2}},"line":51},"6":{"name":"(anonymous_6)","decl":{"start":{"line":57,"column":1},"end":{"line":57,"column":2}},"loc":{"start":{"line":57,"column":39},"end":{"line":68,"column":2}},"line":57}},"branchMap":{"0":{"loc":{"start":{"line":6,"column":18},"end":{"line":6,"column":147}},"type":"cond-expr","locations":[{"start":{"line":6,"column":54},"end":{"line":6,"column":140}},{"start":{"line":6,"column":143},"end":{"line":6,"column":147}}],"line":6},"1":{"loc":{"start":{"line":6,"column":54},"end":{"line":6,"column":140}},"type":"binary-expr","locations":[{"start":{"line":6,"column":54},"end":{"line":6,"column":71}},{"start":{"line":6,"column":75},"end":{"line":6,"column":111}},{"start":{"line":6,"column":115},"end":{"line":6,"column":140}}],"line":6},"2":{"loc":{"start":{"line":7,"column":10},"end":{"line":7,"column":78}},"type":"cond-expr","locations":[{"start":{"line":7,"column":46},"end":{"line":7,"column":74}},{"start":{"line":7,"column":77},"end":{"line":7,"column":78}}],"line":7},"3":{"loc":{"start":{"line":7,"column":46},"end":{"line":7,"column":74}},"type":"binary-expr","locations":[{"start":{"line":7,"column":46},"end":{"line":7,"column":69}},{"start":{"line":7,"column":73},"end":{"line":7,"column":74}}],"line":7},"4":{"loc":{"start":{"line":12,"column":74},"end":{"line":12,"column":89}},"type":"default-arg","locations":[{"start":{"line":12,"column":85},"end":{"line":12,"column":89}}],"line":12},"5":{"loc":{"start":{"line":12,"column":91},"end":{"line":12,"column":100}},"type":"default-arg","locations":[{"start":{"line":12,"column":99},"end":{"line":12,"column":100}}],"line":12},"6":{"loc":{"start":{"line":15,"column":3},"end":{"line":18,"column":4}},"type":"if","locations":[{"start":{"line":15,"column":3},"end":{"line":18,"column":4}},{"start":{"line":15,"column":3},"end":{"line":18,"column":4}}],"line":15},"7":{"loc":{"start":{"line":22,"column":1},"end":{"line":30,"column":2}},"type":"if","locations":[{"start":{"line":22,"column":1},"end":{"line":30,"column":2}},{"start":{"line":22,"column":1},"end":{"line":30,"column":2}}],"line":22},"8":{"loc":{"start":{"line":24,"column":2},"end":{"line":26,"column":3}},"type":"if","locations":[{"start":{"line":24,"column":2},"end":{"line":26,"column":3}},{"start":{"line":24,"column":2},"end":{"line":26,"column":3}}],"line":24},"9":{"loc":{"start":{"line":24,"column":7},"end":{"line":24,"column":38}},"type":"binary-expr","locations":[{"start":{"line":24,"column":7},"end":{"line":24,"column":16}},{"start":{"line":24,"column":20},"end":{"line":24,"column":38}}],"line":24},"10":{"loc":{"start":{"line":37,"column":1},"end":{"line":43,"column":2}},"type":"if","locations":[{"start":{"line":37,"column":1},"end":{"line":43,"column":2}},{"start":{"line":37,"column":1},"end":{"line":43,"column":2}}],"line":37},"11":{"loc":{"start":{"line":45,"column":1},"end":{"line":47,"column":2}},"type":"if","locations":[{"start":{"line":45,"column":1},"end":{"line":47,"column":2}},{"start":{"line":45,"column":1},"end":{"line":47,"column":2}}],"line":45},"12":{"loc":{"start":{"line":54,"column":32},"end":{"line":54,"column":160}},"type":"cond-expr","locations":[{"start":{"line":54,"column":88},"end":{"line":54,"column":153}},{"start":{"line":54,"column":156},"end":{"line":54,"column":160}}],"line":54},"13":{"loc":{"start":{"line":54,"column":34},"end":{"line":54,"column":83}},"type":"binary-expr","locations":[{"start":{"line":54,"column":34},"end":{"line":54,"column":56}},{"start":{"line":54,"column":60},"end":{"line":54,"column":83}}],"line":54},"14":{"loc":{"start":{"line":59,"column":52},"end":{"line":59,"column":82}},"type":"binary-expr","locations":[{"start":{"line":59,"column":52},"end":{"line":59,"column":74}},{"start":{"line":59,"column":78},"end":{"line":59,"column":82}}],"line":59}},"s":{"0":3,"1":0,"2":3,"3":1,"4":1,"5":1,"6":3,"7":2,"8":12,"9":2,"10":2,"11":12,"12":2,"13":1,"14":1,"15":1,"16":1,"17":2,"18":3,"19":1,"20":0,"21":0,"22":1,"23":1,"24":1,"25":3,"26":3,"27":3},"f":{"0":0,"1":1,"2":2,"3":12,"4":1,"5":3,"6":3},"b":{"0":[1,0],"1":[1,0,0],"2":[1,0],"3":[1,1],"4":[0],"5":[0],"6":[2,10],"7":[1,1],"8":[1,0],"9":[1,1],"10":[0,1],"11":[1,0],"12":[1,2],"13":[3,2],"14":[3,2]},"_coverageSchema":"332fd63041d2c1bcb487cc26dd0d5f7d97098a6c","hash":"cc405b84db776ae1c5b50c1a4b2e1d5255b4a393"}
,"D:\\GitHub\\jerrychong25.github.io\\src\\components\\home\\index.js": {"path":"D:\\GitHub\\jerrychong25.github.io\\src\\components\\home\\index.js","statementMap":{"0":{"start":{"line":16,"column":2},"end":{"line":16,"column":111}},"1":{"start":{"line":16,"column":45},"end":{"line":16,"column":60}},"2":{"start":{"line":16,"column":80},"end":{"line":16,"column":108}},"3":{"start":{"line":20,"column":2},"end":{"line":28,"column":4}}},"fnMap":{"0":{"name":"(anonymous_0)","decl":{"start":{"line":15,"column":1},"end":{"line":15,"column":2}},"loc":{"start":{"line":15,"column":21},"end":{"line":17,"column":2}},"line":15},"1":{"name":"(anonymous_1)","decl":{"start":{"line":16,"column":33},"end":{"line":16,"column":34}},"loc":{"start":{"line":16,"column":45},"end":{"line":16,"column":60}},"line":16},"2":{"name":"(anonymous_2)","decl":{"start":{"line":16,"column":69},"end":{"line":16,"column":70}},"loc":{"start":{"line":16,"column":80},"end":{"line":16,"column":108}},"line":16},"3":{"name":"(anonymous_3)","decl":{"start":{"line":19,"column":1},"end":{"line":19,"column":2}},"loc":{"start":{"line":19,"column":27},"end":{"line":29,"column":2}},"line":19}},"branchMap":{"0":{"loc":{"start":{"line":22,"column":5},"end":{"line":22,"column":53}},"type":"binary-expr","locations":[{"start":{"line":22,"column":5},"end":{"line":22,"column":19}},{"start":{"line":22,"column":23},"end":{"line":22,"column":53}}],"line":22},"1":{"loc":{"start":{"line":23,"column":5},"end":{"line":23,"column":56}},"type":"binary-expr","locations":[{"start":{"line":23,"column":5},"end":{"line":23,"column":20}},{"start":{"line":23,"column":24},"end":{"line":23,"column":56}}],"line":23},"2":{"loc":{"start":{"line":24,"column":5},"end":{"line":24,"column":65}},"type":"binary-expr","locations":[{"start":{"line":24,"column":5},"end":{"line":24,"column":23}},{"start":{"line":24,"column":27},"end":{"line":24,"column":65}}],"line":24},"3":{"loc":{"start":{"line":25,"column":5},"end":{"line":25,"column":53}},"type":"binary-expr","locations":[{"start":{"line":25,"column":5},"end":{"line":25,"column":19}},{"start":{"line":25,"column":23},"end":{"line":25,"column":53}}],"line":25},"4":{"loc":{"start":{"line":26,"column":5},"end":{"line":26,"column":55}},"type":"binary-expr","locations":[{"start":{"line":26,"column":5},"end":{"line":26,"column":20}},{"start":{"line":26,"column":24},"end":{"line":26,"column":55}}],"line":26}},"s":{"0":1,"1":0,"2":0,"3":1},"f":{"0":1,"1":0,"2":0,"3":1},"b":{"0":[1,1],"1":[1,1],"2":[1,1],"3":[1,1],"4":[1,1]},"_coverageSchema":"332fd63041d2c1bcb487cc26dd0d5f7d97098a6c","hash":"719801bd8ad7761edb1a14b2a9c8f049ed012842"}
,"D:\\GitHub\\jerrychong25.github.io\\src\\components\\home\\profile.js": {"path":"D:\\GitHub\\jerrychong25.github.io\\src\\components\\home\\profile.js","statementMap":{"0":{"start":{"line":5,"column":16},"end":{"line":5,"column":18}},"1":{"start":{"line":6,"column":2},"end":{"line":14,"column":3}},"2":{"start":{"line":7,"column":21},"end":{"line":7,"column":106}},"3":{"start":{"line":7,"column":49},"end":{"line":7,"column":104}},"4":{"start":{"line":8,"column":16},"end":{"line":8,"column":84}},"5":{"start":{"line":8,"column":44},"end":{"line":8,"column":82}},"6":{"start":{"line":10,"column":3},"end":{"line":13,"column":11}},"7":{"start":{"line":11,"column":4},"end":{"line":11,"column":38}},"8":{"start":{"line":12,"column":4},"end":{"line":12,"column":16}},"9":{"start":{"line":16,"column":2},"end":{"line":35,"column":4}}},"fnMap":{"0":{"name":"(anonymous_0)","decl":{"start":{"line":4,"column":1},"end":{"line":4,"column":2}},"loc":{"start":{"line":4,"column":17},"end":{"line":36,"column":2}},"line":4},"1":{"name":"(anonymous_1)","decl":{"start":{"line":7,"column":41},"end":{"line":7,"column":42}},"loc":{"start":{"line":7,"column":49},"end":{"line":7,"column":104}},"line":7},"2":{"name":"(anonymous_2)","decl":{"start":{"line":8,"column":36},"end":{"line":8,"column":37}},"loc":{"start":{"line":8,"column":44},"end":{"line":8,"column":82}},"line":8},"3":{"name":"(anonymous_3)","decl":{"start":{"line":10,"column":31},"end":{"line":10,"column":32}},"loc":{"start":{"line":10,"column":52},"end":{"line":13,"column":4}},"line":10}},"branchMap":{"0":{"loc":{"start":{"line":6,"column":2},"end":{"line":14,"column":3}},"type":"if","locations":[{"start":{"line":6,"column":2},"end":{"line":14,"column":3}},{"start":{"line":6,"column":2},"end":{"line":14,"column":3}}],"line":6},"1":{"loc":{"start":{"line":6,"column":7},"end":{"line":6,"column":34}},"type":"binary-expr","locations":[{"start":{"line":6,"column":7},"end":{"line":6,"column":16}},{"start":{"line":6,"column":20},"end":{"line":6,"column":34}}],"line":6},"2":{"loc":{"start":{"line":17,"column":56},"end":{"line":17,"column":86}},"type":"binary-expr","locations":[{"start":{"line":17,"column":56},"end":{"line":17,"column":78}},{"start":{"line":17,"column":82},"end":{"line":17,"column":86}}],"line":17},"3":{"loc":{"start":{"line":24,"column":7},"end":{"line":24,"column":50}},"type":"binary-expr","locations":[{"start":{"line":24,"column":7},"end":{"line":24,"column":18}},{"start":{"line":24,"column":22},"end":{"line":24,"column":50}}],"line":24},"4":{"loc":{"start":{"line":25,"column":7},"end":{"line":25,"column":54}},"type":"binary-expr","locations":[{"start":{"line":25,"column":7},"end":{"line":25,"column":18}},{"start":{"line":25,"column":22},"end":{"line":25,"column":54}}],"line":25},"5":{"loc":{"start":{"line":27,"column":6},"end":{"line":32,"column":11}},"type":"binary-expr","locations":[{"start":{"line":27,"column":6},"end":{"line":27,"column":20}},{"start":{"line":27,"column":24},"end":{"line":32,"column":11}}],"line":27}},"s":{"0":4,"1":4,"2":1,"3":3,"4":1,"5":3,"6":1,"7":3,"8":3,"9":4},"f":{"0":4,"1":3,"2":3,"3":3},"b":{"0":[1,3],"1":[4,1],"2":[4,3],"3":[4,1],"4":[4,1],"5":[4,1]},"_coverageSchema":"332fd63041d2c1bcb487cc26dd0d5f7d97098a6c","hash":"0c6d390e0b1ce66459be1964f0c5a9e577d678ff"}
,"D:\\GitHub\\jerrychong25.github.io\\src\\components\\home\\skills.js": {"path":"D:\\GitHub\\jerrychong25.github.io\\src\\components\\home\\skills.js","statementMap":{"0":{"start":{"line":7,"column":20},"end":{"line":7,"column":78}},"1":{"start":{"line":7,"column":54},"end":{"line":7,"column":76}},"2":{"start":{"line":8,"column":16},"end":{"line":8,"column":80}},"3":{"start":{"line":8,"column":54},"end":{"line":8,"column":78}},"4":{"start":{"line":10,"column":2},"end":{"line":22,"column":4}},"5":{"start":{"line":28,"column":2},"end":{"line":38,"column":4}},"6":{"start":{"line":35,"column":44},"end":{"line":35,"column":67}}},"fnMap":{"0":{"name":"(anonymous_0)","decl":{"start":{"line":6,"column":1},"end":{"line":6,"column":2}},"loc":{"start":{"line":6,"column":28},"end":{"line":23,"column":2}},"line":6},"1":{"name":"(anonymous_1)","decl":{"start":{"line":7,"column":47},"end":{"line":7,"column":48}},"loc":{"start":{"line":7,"column":54},"end":{"line":7,"column":76}},"line":7},"2":{"name":"(anonymous_2)","decl":{"start":{"line":8,"column":47},"end":{"line":8,"column":48}},"loc":{"start":{"line":8,"column":54},"end":{"line":8,"column":78}},"line":8},"3":{"name":"(anonymous_3)","decl":{"start":{"line":27,"column":1},"end":{"line":27,"column":2}},"loc":{"start":{"line":27,"column":17},"end":{"line":39,"column":2}},"line":27},"4":{"name":"(anonymous_4)","decl":{"start":{"line":35,"column":36},"end":{"line":35,"column":37}},"loc":{"start":{"line":35,"column":44},"end":{"line":35,"column":67}},"line":35}},"branchMap":{"0":{"loc":{"start":{"line":29,"column":61},"end":{"line":29,"column":91}},"type":"binary-expr","locations":[{"start":{"line":29,"column":61},"end":{"line":29,"column":83}},{"start":{"line":29,"column":87},"end":{"line":29,"column":91}}],"line":29},"1":{"loc":{"start":{"line":35,"column":6},"end":{"line":35,"column":69}},"type":"binary-expr","locations":[{"start":{"line":35,"column":6},"end":{"line":35,"column":16}},{"start":{"line":35,"column":20},"end":{"line":35,"column":69}}],"line":35}},"s":{"0":42,"1":117,"2":42,"3":93,"4":42,"5":7,"6":56},"f":{"0":42,"1":117,"2":93,"3":7,"4":56},"b":{"0":[7,6],"1":[7,4]},"_coverageSchema":"332fd63041d2c1bcb487cc26dd0d5f7d97098a6c","hash":"2c7556e6bde2ae467c57c2cb00f44cdc77a47a50"}
}
